<?xml version="1.0" encoding="UTF-8"?>
<!-- Generated by org.testng.reporters.JUnitXMLReporter -->
<testsuite ignored="4" hostname="Dell" failures="0" tests="3" name="Test" time="97.431" errors="0" timestamp="2021-10-07T18:05:23 IST">
  <testcase classname="LeadModuleWithBaseClass.TC_26" name="tC_26" time="27.887"/>
  <testcase classname="LeadModuleWithBaseClass.TC_27" name="tC_27" time="22.922"/>
  <testcase classname="LeadModuleWithBaseClass.TC_28" name="tC_28" time="22.657"/>
  <testcase classname="com.crm.metodisk.GenericUtils.BaseClass" name="@BeforeSuite connectDB" time="0.0">
    <ignored/>
  </testcase> <!-- @BeforeSuite connectDB -->
  <testcase classname="com.crm.metodisk.GenericUtils.BaseClass" name="@BeforeSuite connectDB" time="0.0">
    <ignored/>
  </testcase> <!-- @BeforeSuite connectDB -->
  <testcase classname="com.crm.metodisk.GenericUtils.BaseClass" name="@AfterSuite closeDB" time="0.0">
    <ignored/>
  </testcase> <!-- @AfterSuite closeDB -->
  <testcase classname="com.crm.metodisk.GenericUtils.BaseClass" name="@AfterSuite closeDB" time="0.0">
    <ignored/>
  </testcase> <!-- @AfterSuite closeDB -->
</testsuite> <!-- Test -->
